1690998229.974953 client started (1515408): version 3.2a, socket /tmp/tmux-1003/default, protocol 8
1690998229.974981 on Linux 5.16.0 #2 SMP PREEMPT Wed Sep 21 18:26:11 CEST 2022
1690998229.974988 using libevent 2.1.12-stable (poll); ncurses 6.3
1690998229.975005 flags are 0x18010000
1690998229.975010 socket is /tmp/tmux-1003/default
1690998229.975023 trying connect
1690998229.975041 connect failed: No such file or directory
1690998229.975053 lock file is /tmp/tmux-1003/default.lock
1690998229.975077 flock succeeded
1690998229.975082 got lock (6)
1690998229.975088 trying connect
1690998229.975097 connect failed: No such file or directory
1690998229.975324 add peer 0x5634ec034b60: 7 ((nil))
1690998229.975804 sending message 100 to peer 0x5634ec034b60 (4 bytes)
1690998229.975914 sending message 111 to peer 0x5634ec034b60 (8 bytes)
1690998229.975920 sending message 101 to peer 0x5634ec034b60 (15 bytes)
1690998229.975925 sending message 109 to peer 0x5634ec034b60 (4 bytes)
1690998229.975930 sending message 102 to peer 0x5634ec034b60 (11 bytes)
1690998229.975935 sending message 108 to peer 0x5634ec034b60 (31 bytes)
1690998229.975940 sending message 112 to peer 0x5634ec034b60 (58 bytes)
1690998229.975945 sending message 112 to peer 0x5634ec034b60 (5 bytes)
1690998229.975950 sending message 112 to peer 0x5634ec034b60 (5 bytes)
1690998229.975954 sending message 112 to peer 0x5634ec034b60 (6 bytes)
1690998229.975958 sending message 112 to peer 0x5634ec034b60 (6 bytes)
1690998229.975963 sending message 112 to peer 0x5634ec034b60 (11 bytes)
1690998229.975967 sending message 112 to peer 0x5634ec034b60 (10 bytes)
1690998229.975971 sending message 112 to peer 0x5634ec034b60 (13 bytes)
1690998229.975976 sending message 112 to peer 0x5634ec034b60 (14 bytes)
1690998229.975980 sending message 112 to peer 0x5634ec034b60 (19 bytes)
1690998229.975985 sending message 112 to peer 0x5634ec034b60 (11 bytes)
1690998229.975989 sending message 112 to peer 0x5634ec034b60 (10 bytes)
1690998229.975993 sending message 112 to peer 0x5634ec034b60 (15 bytes)
1690998229.975997 sending message 112 to peer 0x5634ec034b60 (21 bytes)
1690998229.976001 sending message 112 to peer 0x5634ec034b60 (13 bytes)
1690998229.976006 sending message 112 to peer 0x5634ec034b60 (7 bytes)
1690998229.976010 sending message 112 to peer 0x5634ec034b60 (13 bytes)
1690998229.976015 sending message 112 to peer 0x5634ec034b60 (7 bytes)
1690998229.976019 sending message 112 to peer 0x5634ec034b60 (13 bytes)
1690998229.976024 sending message 112 to peer 0x5634ec034b60 (9 bytes)
1690998229.976028 sending message 112 to peer 0x5634ec034b60 (21 bytes)
1690998229.976033 sending message 112 to peer 0x5634ec034b60 (13 bytes)
1690998229.976039 sending message 112 to peer 0x5634ec034b60 (9 bytes)
1690998229.976043 sending message 112 to peer 0x5634ec034b60 (16 bytes)
1690998229.976049 sending message 112 to peer 0x5634ec034b60 (13 bytes)
1690998229.976055 sending message 112 to peer 0x5634ec034b60 (9 bytes)
1690998229.976061 sending message 112 to peer 0x5634ec034b60 (9 bytes)
1690998229.976067 sending message 112 to peer 0x5634ec034b60 (12 bytes)
1690998229.976073 sending message 112 to peer 0x5634ec034b60 (8 bytes)
1690998229.976079 sending message 112 to peer 0x5634ec034b60 (8 bytes)
1690998229.976085 sending message 112 to peer 0x5634ec034b60 (13 bytes)
1690998229.976091 sending message 112 to peer 0x5634ec034b60 (7 bytes)
1690998229.976097 sending message 112 to peer 0x5634ec034b60 (7 bytes)
1690998229.976103 sending message 112 to peer 0x5634ec034b60 (9 bytes)
1690998229.976109 sending message 112 to peer 0x5634ec034b60 (9 bytes)
1690998229.976116 sending message 112 to peer 0x5634ec034b60 (15 bytes)
1690998229.976122 sending message 112 to peer 0x5634ec034b60 (13 bytes)
1690998229.976127 sending message 112 to peer 0x5634ec034b60 (12 bytes)
1690998229.976133 sending message 112 to peer 0x5634ec034b60 (8 bytes)
1690998229.976139 sending message 112 to peer 0x5634ec034b60 (14 bytes)
1690998229.976146 sending message 112 to peer 0x5634ec034b60 (11 bytes)
1690998229.976152 sending message 112 to peer 0x5634ec034b60 (9 bytes)
1690998229.976170 sending message 112 to peer 0x5634ec034b60 (10 bytes)
1690998229.976176 sending message 112 to peer 0x5634ec034b60 (10 bytes)
1690998229.976183 sending message 112 to peer 0x5634ec034b60 (10 bytes)
1690998229.976189 sending message 112 to peer 0x5634ec034b60 (10 bytes)
1690998229.976195 sending message 112 to peer 0x5634ec034b60 (11 bytes)
1690998229.976201 sending message 112 to peer 0x5634ec034b60 (12 bytes)
1690998229.976207 sending message 112 to peer 0x5634ec034b60 (12 bytes)
1690998229.976219 sending message 112 to peer 0x5634ec034b60 (12 bytes)
1690998229.976225 sending message 112 to peer 0x5634ec034b60 (12 bytes)
1690998229.976231 sending message 112 to peer 0x5634ec034b60 (12 bytes)
1690998229.976237 sending message 112 to peer 0x5634ec034b60 (11 bytes)
1690998229.976243 sending message 112 to peer 0x5634ec034b60 (11 bytes)
1690998229.976249 sending message 112 to peer 0x5634ec034b60 (12 bytes)
1690998229.976255 sending message 112 to peer 0x5634ec034b60 (12 bytes)
1690998229.976261 sending message 112 to peer 0x5634ec034b60 (12 bytes)
1690998229.976267 sending message 112 to peer 0x5634ec034b60 (12 bytes)
1690998229.976274 sending message 112 to peer 0x5634ec034b60 (12 bytes)
1690998229.976280 sending message 112 to peer 0x5634ec034b60 (9 bytes)
1690998229.976286 sending message 112 to peer 0x5634ec034b60 (12 bytes)
1690998229.976292 sending message 112 to peer 0x5634ec034b60 (13 bytes)
1690998229.976298 sending message 112 to peer 0x5634ec034b60 (13 bytes)
1690998229.976304 sending message 112 to peer 0x5634ec034b60 (13 bytes)
1690998229.976310 sending message 112 to peer 0x5634ec034b60 (13 bytes)
1690998229.976316 sending message 112 to peer 0x5634ec034b60 (13 bytes)
1690998229.976323 sending message 112 to peer 0x5634ec034b60 (8 bytes)
1690998229.976329 sending message 112 to peer 0x5634ec034b60 (11 bytes)
1690998229.976335 sending message 112 to peer 0x5634ec034b60 (11 bytes)
1690998229.976341 sending message 112 to peer 0x5634ec034b60 (11 bytes)
1690998229.976347 sending message 112 to peer 0x5634ec034b60 (12 bytes)
1690998229.976353 sending message 112 to peer 0x5634ec034b60 (12 bytes)
1690998229.976359 sending message 112 to peer 0x5634ec034b60 (12 bytes)
1690998229.976365 sending message 112 to peer 0x5634ec034b60 (12 bytes)
1690998229.976371 sending message 112 to peer 0x5634ec034b60 (13 bytes)
1690998229.976377 sending message 112 to peer 0x5634ec034b60 (13 bytes)
1690998229.976382 sending message 112 to peer 0x5634ec034b60 (13 bytes)
1690998229.976389 sending message 112 to peer 0x5634ec034b60 (8 bytes)
1690998229.976395 sending message 112 to peer 0x5634ec034b60 (13 bytes)
1690998229.976401 sending message 112 to peer 0x5634ec034b60 (13 bytes)
1690998229.976407 sending message 112 to peer 0x5634ec034b60 (13 bytes)
1690998229.976414 sending message 112 to peer 0x5634ec034b60 (13 bytes)
1690998229.976420 sending message 112 to peer 0x5634ec034b60 (13 bytes)
1690998229.976426 sending message 112 to peer 0x5634ec034b60 (12 bytes)
1690998229.976432 sending message 112 to peer 0x5634ec034b60 (12 bytes)
1690998229.976438 sending message 112 to peer 0x5634ec034b60 (12 bytes)
1690998229.976444 sending message 112 to peer 0x5634ec034b60 (12 bytes)
1690998229.976450 sending message 112 to peer 0x5634ec034b60 (13 bytes)
1690998229.976456 sending message 112 to peer 0x5634ec034b60 (8 bytes)
1690998229.976462 sending message 112 to peer 0x5634ec034b60 (13 bytes)
1690998229.976468 sending message 112 to peer 0x5634ec034b60 (13 bytes)
1690998229.976474 sending message 112 to peer 0x5634ec034b60 (13 bytes)
1690998229.976480 sending message 112 to peer 0x5634ec034b60 (13 bytes)
1690998229.976486 sending message 112 to peer 0x5634ec034b60 (13 bytes)
1690998229.976493 sending message 112 to peer 0x5634ec034b60 (13 bytes)
1690998229.976499 sending message 112 to peer 0x5634ec034b60 (13 bytes)
1690998229.976505 sending message 112 to peer 0x5634ec034b60 (12 bytes)
1690998229.976511 sending message 112 to peer 0x5634ec034b60 (12 bytes)
1690998229.976517 sending message 112 to peer 0x5634ec034b60 (12 bytes)
1690998229.976530 sending message 112 to peer 0x5634ec034b60 (8 bytes)
1690998229.976536 sending message 112 to peer 0x5634ec034b60 (12 bytes)
1690998229.976542 sending message 112 to peer 0x5634ec034b60 (13 bytes)
1690998229.976549 sending message 112 to peer 0x5634ec034b60 (13 bytes)
1690998229.976555 sending message 112 to peer 0x5634ec034b60 (13 bytes)
1690998229.976562 sending message 112 to peer 0x5634ec034b60 (13 bytes)
1690998229.976568 sending message 112 to peer 0x5634ec034b60 (13 bytes)
1690998229.976574 sending message 112 to peer 0x5634ec034b60 (13 bytes)
1690998229.976580 sending message 112 to peer 0x5634ec034b60 (13 bytes)
1690998229.976586 sending message 112 to peer 0x5634ec034b60 (13 bytes)
1690998229.976592 sending message 112 to peer 0x5634ec034b60 (12 bytes)
1690998229.976598 sending message 112 to peer 0x5634ec034b60 (10 bytes)
1690998229.976604 sending message 112 to peer 0x5634ec034b60 (12 bytes)
1690998229.976610 sending message 112 to peer 0x5634ec034b60 (12 bytes)
1690998229.976616 sending message 112 to peer 0x5634ec034b60 (12 bytes)
1690998229.976622 sending message 112 to peer 0x5634ec034b60 (13 bytes)
1690998229.976628 sending message 112 to peer 0x5634ec034b60 (13 bytes)
1690998229.976634 sending message 112 to peer 0x5634ec034b60 (13 bytes)
1690998229.976640 sending message 112 to peer 0x5634ec034b60 (13 bytes)
1690998229.976646 sending message 112 to peer 0x5634ec034b60 (13 bytes)
1690998229.976653 sending message 112 to peer 0x5634ec034b60 (13 bytes)
1690998229.976658 sending message 112 to peer 0x5634ec034b60 (13 bytes)
1690998229.976664 sending message 112 to peer 0x5634ec034b60 (10 bytes)
1690998229.976670 sending message 112 to peer 0x5634ec034b60 (13 bytes)
1690998229.976676 sending message 112 to peer 0x5634ec034b60 (12 bytes)
1690998229.976682 sending message 112 to peer 0x5634ec034b60 (12 bytes)
1690998229.976688 sending message 112 to peer 0x5634ec034b60 (12 bytes)
1690998229.976694 sending message 112 to peer 0x5634ec034b60 (10 bytes)
1690998229.976701 sending message 112 to peer 0x5634ec034b60 (10 bytes)
1690998229.976707 sending message 112 to peer 0x5634ec034b60 (10 bytes)
1690998229.976713 sending message 112 to peer 0x5634ec034b60 (12 bytes)
1690998229.976719 sending message 112 to peer 0x5634ec034b60 (13 bytes)
1690998229.976725 sending message 112 to peer 0x5634ec034b60 (13 bytes)
1690998229.976731 sending message 112 to peer 0x5634ec034b60 (13 bytes)
1690998229.976737 sending message 112 to peer 0x5634ec034b60 (13 bytes)
1690998229.976743 sending message 112 to peer 0x5634ec034b60 (13 bytes)
1690998229.976749 sending message 112 to peer 0x5634ec034b60 (10 bytes)
1690998229.976755 sending message 112 to peer 0x5634ec034b60 (11 bytes)
1690998229.976761 sending message 112 to peer 0x5634ec034b60 (12 bytes)
1690998229.976767 sending message 112 to peer 0x5634ec034b60 (12 bytes)
1690998229.976773 sending message 112 to peer 0x5634ec034b60 (12 bytes)
1690998229.976779 sending message 112 to peer 0x5634ec034b60 (12 bytes)
1690998229.976785 sending message 112 to peer 0x5634ec034b60 (12 bytes)
1690998229.976791 sending message 112 to peer 0x5634ec034b60 (11 bytes)
1690998229.976797 sending message 112 to peer 0x5634ec034b60 (12 bytes)
1690998229.976803 sending message 112 to peer 0x5634ec034b60 (12 bytes)
1690998229.976809 sending message 112 to peer 0x5634ec034b60 (13 bytes)
1690998229.976815 sending message 112 to peer 0x5634ec034b60 (13 bytes)
1690998229.976822 sending message 112 to peer 0x5634ec034b60 (13 bytes)
1690998229.976828 sending message 112 to peer 0x5634ec034b60 (13 bytes)
1690998229.976834 sending message 112 to peer 0x5634ec034b60 (13 bytes)
1690998229.976841 sending message 112 to peer 0x5634ec034b60 (10 bytes)
1690998229.976847 sending message 112 to peer 0x5634ec034b60 (9 bytes)
1690998229.976853 sending message 112 to peer 0x5634ec034b60 (12 bytes)
1690998229.976859 sending message 112 to peer 0x5634ec034b60 (13 bytes)
1690998229.976865 sending message 112 to peer 0x5634ec034b60 (13 bytes)
1690998229.976871 sending message 112 to peer 0x5634ec034b60 (13 bytes)
1690998229.976883 sending message 112 to peer 0x5634ec034b60 (13 bytes)
1690998229.976889 sending message 112 to peer 0x5634ec034b60 (13 bytes)
1690998229.976895 sending message 112 to peer 0x5634ec034b60 (9 bytes)
1690998229.976901 sending message 112 to peer 0x5634ec034b60 (12 bytes)
1690998229.976908 sending message 112 to peer 0x5634ec034b60 (13 bytes)
1690998229.976914 sending message 112 to peer 0x5634ec034b60 (13 bytes)
1690998229.976920 sending message 112 to peer 0x5634ec034b60 (13 bytes)
1690998229.976926 sending message 112 to peer 0x5634ec034b60 (13 bytes)
1690998229.976932 sending message 112 to peer 0x5634ec034b60 (13 bytes)
1690998229.976938 sending message 112 to peer 0x5634ec034b60 (11 bytes)
1690998229.976944 sending message 112 to peer 0x5634ec034b60 (12 bytes)
1690998229.976949 sending message 112 to peer 0x5634ec034b60 (13 bytes)
1690998229.976959 sending message 112 to peer 0x5634ec034b60 (13 bytes)
1690998229.976966 sending message 112 to peer 0x5634ec034b60 (13 bytes)
1690998229.976972 sending message 112 to peer 0x5634ec034b60 (13 bytes)
1690998229.976977 sending message 112 to peer 0x5634ec034b60 (13 bytes)
1690998229.976983 sending message 112 to peer 0x5634ec034b60 (11 bytes)
1690998229.976989 sending message 112 to peer 0x5634ec034b60 (12 bytes)
1690998229.976995 sending message 112 to peer 0x5634ec034b60 (12 bytes)
1690998229.977001 sending message 112 to peer 0x5634ec034b60 (12 bytes)
1690998229.977006 sending message 112 to peer 0x5634ec034b60 (12 bytes)
1690998229.977012 sending message 112 to peer 0x5634ec034b60 (12 bytes)
1690998229.977018 sending message 112 to peer 0x5634ec034b60 (21 bytes)
1690998229.977024 sending message 112 to peer 0x5634ec034b60 (12 bytes)
1690998229.977030 sending message 112 to peer 0x5634ec034b60 (9 bytes)
1690998229.977035 sending message 112 to peer 0x5634ec034b60 (6 bytes)
1690998229.977041 sending message 112 to peer 0x5634ec034b60 (13 bytes)
1690998229.977047 sending message 112 to peer 0x5634ec034b60 (10 bytes)
1690998229.977055 sending message 112 to peer 0x5634ec034b60 (24 bytes)
1690998229.977062 sending message 112 to peer 0x5634ec034b60 (13 bytes)
1690998229.977068 sending message 112 to peer 0x5634ec034b60 (9 bytes)
1690998229.977074 sending message 112 to peer 0x5634ec034b60 (70 bytes)
1690998229.977080 sending message 112 to peer 0x5634ec034b60 (69 bytes)
1690998229.977086 sending message 112 to peer 0x5634ec034b60 (12 bytes)
1690998229.977091 sending message 112 to peer 0x5634ec034b60 (10 bytes)
1690998229.977097 sending message 112 to peer 0x5634ec034b60 (10 bytes)
1690998229.977103 sending message 112 to peer 0x5634ec034b60 (24 bytes)
1690998229.977109 sending message 112 to peer 0x5634ec034b60 (13 bytes)
1690998229.977115 sending message 112 to peer 0x5634ec034b60 (10 bytes)
1690998229.977120 sending message 112 to peer 0x5634ec034b60 (10 bytes)
1690998229.977126 sending message 112 to peer 0x5634ec034b60 (10 bytes)
1690998229.977132 sending message 112 to peer 0x5634ec034b60 (13 bytes)
1690998229.977138 sending message 112 to peer 0x5634ec034b60 (15 bytes)
1690998229.977143 sending message 112 to peer 0x5634ec034b60 (5 bytes)
1690998229.977154 sending message 104 to peer 0x5634ec034b60 (0 bytes)
1690998229.977160 sending message 110 to peer 0x5634ec034b60 (0 bytes)
1690998229.977167 sending message 107 to peer 0x5634ec034b60 (4 bytes)
1690998229.977173 sending message 105 to peer 0x5634ec034b60 (23 bytes)
1690998229.977179 sending message 105 to peer 0x5634ec034b60 (41 bytes)
1690998229.977185 sending message 105 to peer 0x5634ec034b60 (84 bytes)
1690998229.977191 sending message 105 to peer 0x5634ec034b60 (86 bytes)
1690998229.977197 sending message 105 to peer 0x5634ec034b60 (17 bytes)
1690998229.977203 sending message 105 to peer 0x5634ec034b60 (33 bytes)
1690998229.977209 sending message 105 to peer 0x5634ec034b60 (35 bytes)
1690998229.977233 sending message 105 to peer 0x5634ec034b60 (30 bytes)
1690998229.977240 sending message 105 to peer 0x5634ec034b60 (35 bytes)
1690998229.977246 sending message 105 to peer 0x5634ec034b60 (52 bytes)
1690998229.977273 sending message 105 to peer 0x5634ec034b60 (23 bytes)
1690998229.977279 sending message 105 to peer 0x5634ec034b60 (18 bytes)
1690998229.977288 sending message 105 to peer 0x5634ec034b60 (23 bytes)
1690998229.977296 sending message 105 to peer 0x5634ec034b60 (17 bytes)
1690998229.977302 sending message 105 to peer 0x5634ec034b60 (27 bytes)
1690998229.977308 sending message 105 to peer 0x5634ec034b60 (54 bytes)
1690998229.977318 sending message 105 to peer 0x5634ec034b60 (23 bytes)
1690998229.977324 sending message 105 to peer 0x5634ec034b60 (33 bytes)
1690998229.977330 sending message 105 to peer 0x5634ec034b60 (28 bytes)
1690998229.977336 sending message 105 to peer 0x5634ec034b60 (45 bytes)
1690998229.977342 sending message 105 to peer 0x5634ec034b60 (13 bytes)
1690998229.977348 sending message 105 to peer 0x5634ec034b60 (27 bytes)
1690998229.977353 sending message 105 to peer 0x5634ec034b60 (19 bytes)
1690998229.977359 sending message 105 to peer 0x5634ec034b60 (44 bytes)
1690998229.977364 sending message 105 to peer 0x5634ec034b60 (20 bytes)
1690998229.977370 sending message 105 to peer 0x5634ec034b60 (20 bytes)
1690998229.977375 sending message 105 to peer 0x5634ec034b60 (32 bytes)
1690998229.977381 sending message 105 to peer 0x5634ec034b60 (21 bytes)
1690998229.977391 sending message 105 to peer 0x5634ec034b60 (389 bytes)
1690998229.977397 sending message 105 to peer 0x5634ec034b60 (31 bytes)
1690998229.977403 sending message 105 to peer 0x5634ec034b60 (102 bytes)
1690998229.977409 sending message 105 to peer 0x5634ec034b60 (20 bytes)
1690998229.977415 sending message 105 to peer 0x5634ec034b60 (21 bytes)
1690998229.977421 sending message 105 to peer 0x5634ec034b60 (24 bytes)
1690998229.977426 sending message 105 to peer 0x5634ec034b60 (32 bytes)
1690998229.977432 sending message 105 to peer 0x5634ec034b60 (25 bytes)
1690998229.977438 sending message 105 to peer 0x5634ec034b60 (23 bytes)
1690998229.977444 sending message 105 to peer 0x5634ec034b60 (19 bytes)
1690998229.977449 sending message 105 to peer 0x5634ec034b60 (17 bytes)
1690998229.977456 sending message 105 to peer 0x5634ec034b60 (21 bytes)
1690998229.977462 sending message 105 to peer 0x5634ec034b60 (20 bytes)
1690998229.977467 sending message 105 to peer 0x5634ec034b60 (41 bytes)
1690998229.977473 sending message 105 to peer 0x5634ec034b60 (20 bytes)
1690998229.977481 sending message 105 to peer 0x5634ec034b60 (23 bytes)
1690998229.977487 sending message 105 to peer 0x5634ec034b60 (20 bytes)
1690998229.977493 sending message 105 to peer 0x5634ec034b60 (23 bytes)
1690998229.977499 sending message 105 to peer 0x5634ec034b60 (11 bytes)
1690998229.977505 sending message 105 to peer 0x5634ec034b60 (18 bytes)
1690998229.977511 sending message 105 to peer 0x5634ec034b60 (8 bytes)
1690998229.977517 sending message 105 to peer 0x5634ec034b60 (25 bytes)
1690998229.977522 sending message 105 to peer 0x5634ec034b60 (74 bytes)
1690998229.977528 sending message 105 to peer 0x5634ec034b60 (53 bytes)
1690998229.977534 sending message 105 to peer 0x5634ec034b60 (12 bytes)
1690998229.977540 sending message 105 to peer 0x5634ec034b60 (20 bytes)
1690998229.977546 sending message 105 to peer 0x5634ec034b60 (33 bytes)
1690998229.977552 sending message 105 to peer 0x5634ec034b60 (46 bytes)
1690998229.977558 sending message 105 to peer 0x5634ec034b60 (11 bytes)
1690998229.977563 sending message 105 to peer 0x5634ec034b60 (8 bytes)
1690998229.977572 sending message 105 to peer 0x5634ec034b60 (32 bytes)
1690998229.977579 sending message 105 to peer 0x5634ec034b60 (1519 bytes)
1690998229.977621 sending message 105 to peer 0x5634ec034b60 (10 bytes)
1690998229.977629 sending message 105 to peer 0x5634ec034b60 (24 bytes)
1690998229.977635 sending message 105 to peer 0x5634ec034b60 (16 bytes)
1690998229.977641 sending message 106 to peer 0x5634ec034b60 (0 bytes)
1690998229.977653 sending message 200 to peer 0x5634ec034b60 (4 bytes)
1690998229.977659 client loop enter
1690998229.977732 client_signal: Child exited
1690998230.011686 peer 0x5634ec034b60 message 207
1690998230.011699 sending message 208 to peer 0x5634ec034b60 (0 bytes)
1690998235.788462 peer 0x5634ec034b60 message 203
1690998235.788472 sending message 205 to peer 0x5634ec034b60 (0 bytes)
1690998235.788810 peer 0x5634ec034b60 message 204
1690998235.788825 client loop exit
